<?xml version="1.0" encoding="UTF-8"?>
<!-- Generated by org.testng.reporters.JUnitXMLReporter -->
<testsuite ignored="2" hostname="DESKTOP-2RDQ9UG" failures="0" tests="2" name="Surefire test" time="28.671" errors="0" timestamp="2024-03-10T19:31:34 GMT+01:00">
  <testcase classname="DossierTest.TestConnecting" name="Connect" time="1.34"/>
  <testcase classname="DossierTest.TestCreatingPatient" name="CreatePatient" time="27.064"/>
  <testcase classname="DossierTest.Base" name="@BeforeSuite setup" time="0.0">
    <ignored/>
  </testcase> <!-- @BeforeSuite setup -->
  <testcase classname="DossierTest.Base" name="@AfterSuite Quit" time="0.0">
    <ignored/>
  </testcase> <!-- @AfterSuite Quit -->
</testsuite> <!-- Surefire test -->
