<?xml version="1.0" encoding="UTF-8"?>
<testng-results ignored="0" total="2" passed="2" failed="0" skipped="0">
  <reporter-output>
  </reporter-output>
  <suite started-at="2024-03-10T19:31:05 GMT+01:00" name="Surefire suite" finished-at="2024-03-10T19:31:34 GMT+01:00" duration-ms="28671">
    <groups>
    </groups>
    <test started-at="2024-03-10T19:31:05 GMT+01:00" name="Surefire test" finished-at="2024-03-10T19:31:34 GMT+01:00" duration-ms="28671">
      <class name="DossierTest.TestConnecting">
        <test-method is-config="true" signature="setup()[pri:0, instance:DossierTest.TestConnecting@791f145a]" started-at="2024-03-10T19:30:42 GMT+01:00" name="setup" finished-at="2024-03-10T19:31:04 GMT+01:00" duration-ms="22029" status="PASS">
          <reporter-output>
          </reporter-output>
        </test-method> <!-- setup -->
        <test-method signature="Connect()[pri:0, instance:DossierTest.TestConnecting@791f145a]" started-at="2024-03-10T19:31:05 GMT+01:00" name="Connect" finished-at="2024-03-10T19:31:07 GMT+01:00" duration-ms="1340" status="PASS">
          <reporter-output>
          </reporter-output>
        </test-method> <!-- Connect -->
        <test-method is-config="true" signature="tearDown(org.testng.ITestResult)[pri:0, instance:DossierTest.TestConnecting@791f145a]" started-at="2024-03-10T19:31:07 GMT+01:00" name="tearDown" finished-at="2024-03-10T19:31:07 GMT+01:00" duration-ms="55" status="PASS">
          <params>
            <param index="0">
              <value>
                <![CDATA[[TestResult name=Connect status=SUCCESS method=TestConnecting.Connect()[pri:0, instance:DossierTest.TestConnecting@791f145a] output={null}]]]>
              </value>
            </param>
          </params>
          <reporter-output>
          </reporter-output>
        </test-method> <!-- tearDown -->
        <test-method is-config="true" signature="Quit()[pri:0, instance:DossierTest.TestConnecting@791f145a]" started-at="2024-03-10T19:31:34 GMT+01:00" name="Quit" finished-at="2024-03-10T19:31:35 GMT+01:00" duration-ms="715" status="PASS">
          <reporter-output>
          </reporter-output>
        </test-method> <!-- Quit -->
      </class> <!-- DossierTest.TestConnecting -->
      <class name="DossierTest.TestCreatingPatient">
        <test-method signature="CreatePatient()[pri:0, instance:DossierTest.TestCreatingPatient@13e344d]" started-at="2024-03-10T19:31:07 GMT+01:00" name="CreatePatient" finished-at="2024-03-10T19:31:34 GMT+01:00" duration-ms="27064" status="PASS">
          <reporter-output>
          </reporter-output>
        </test-method> <!-- CreatePatient -->
        <test-method is-config="true" signature="tearDown(org.testng.ITestResult)[pri:0, instance:DossierTest.TestCreatingPatient@13e344d]" started-at="2024-03-10T19:31:34 GMT+01:00" name="tearDown" finished-at="2024-03-10T19:31:34 GMT+01:00" duration-ms="20" status="PASS">
          <params>
            <param index="0">
              <value>
                <![CDATA[[TestResult name=CreatePatient status=SUCCESS method=TestCreatingPatient.CreatePatient()[pri:0, instance:DossierTest.TestCreatingPatient@13e344d] output={null}]]]>
              </value>
            </param>
          </params>
          <reporter-output>
          </reporter-output>
        </test-method> <!-- tearDown -->
      </class> <!-- DossierTest.TestCreatingPatient -->
    </test> <!-- Surefire test -->
  </suite> <!-- Surefire suite -->
</testng-results>
